{"/home/guillermo/proyectos/poligran/integracion_continua/Front_recursos_humanos/vite.config.ts": {"path":"/home/guillermo/proyectos/poligran/integracion_continua/Front_recursos_humanos/vite.config.ts","all":true,"statementMap":{"0":{"start":{"line":1,"column":0},"end":{"line":1,"column":35}},"1":{"start":{"line":2,"column":0},"end":{"line":2,"column":36}},"4":{"start":{"line":5,"column":0},"end":{"line":5,"column":29}},"5":{"start":{"line":6,"column":0},"end":{"line":6,"column":19}},"6":{"start":{"line":7,"column":0},"end":{"line":7,"column":2}}},"s":{"0":0,"1":0,"4":0,"5":0,"6":0},"branchMap":{"0":{"type":"branch","line":1,"loc":{"start":{"line":1,"column":154},"end":{"line":7,"column":2}},"locations":[{"start":{"line":1,"column":154},"end":{"line":7,"column":2}}]}},"b":{"0":[0]},"fnMap":{"0":{"name":"(empty-report)","decl":{"start":{"line":1,"column":154},"end":{"line":7,"column":2}},"loc":{"start":{"line":1,"column":154},"end":{"line":7,"column":2}},"line":1}},"f":{"0":0}}
,"/home/guillermo/proyectos/poligran/integracion_continua/Front_recursos_humanos/vitest.config.ts": {"path":"/home/guillermo/proyectos/poligran/integracion_continua/Front_recursos_humanos/vitest.config.ts","all":true,"statementMap":{"0":{"start":{"line":1,"column":0},"end":{"line":1,"column":45}},"1":{"start":{"line":2,"column":0},"end":{"line":2,"column":37}},"2":{"start":{"line":3,"column":0},"end":{"line":3,"column":41}},"4":{"start":{"line":5,"column":0},"end":{"line":5,"column":29}},"5":{"start":{"line":6,"column":0},"end":{"line":6,"column":19}},"6":{"start":{"line":7,"column":0},"end":{"line":7,"column":9}},"7":{"start":{"line":8,"column":0},"end":{"line":8,"column":18}},"8":{"start":{"line":9,"column":0},"end":{"line":9,"column":25}},"9":{"start":{"line":10,"column":0},"end":{"line":10,"column":19}},"10":{"start":{"line":11,"column":0},"end":{"line":11,"column":15}},"11":{"start":{"line":12,"column":0},"end":{"line":12,"column":21}},"12":{"start":{"line":13,"column":0},"end":{"line":13,"column":41}},"13":{"start":{"line":14,"column":0},"end":{"line":14,"column":16}},"14":{"start":{"line":15,"column":0},"end":{"line":15,"column":24}},"15":{"start":{"line":16,"column":0},"end":{"line":16,"column":22}},"16":{"start":{"line":17,"column":0},"end":{"line":17,"column":23}},"17":{"start":{"line":18,"column":0},"end":{"line":18,"column":23}},"18":{"start":{"line":19,"column":0},"end":{"line":19,"column":27}},"19":{"start":{"line":20,"column":0},"end":{"line":20,"column":8}},"20":{"start":{"line":21,"column":0},"end":{"line":21,"column":6}},"21":{"start":{"line":22,"column":0},"end":{"line":22,"column":11}},"22":{"start":{"line":23,"column":0},"end":{"line":23,"column":22}},"23":{"start":{"line":24,"column":0},"end":{"line":24,"column":6}},"24":{"start":{"line":25,"column":0},"end":{"line":25,"column":4}},"25":{"start":{"line":26,"column":0},"end":{"line":26,"column":12}},"26":{"start":{"line":27,"column":0},"end":{"line":27,"column":12}},"27":{"start":{"line":28,"column":0},"end":{"line":28,"column":60}},"28":{"start":{"line":29,"column":0},"end":{"line":29,"column":6}},"29":{"start":{"line":30,"column":0},"end":{"line":30,"column":4}},"30":{"start":{"line":31,"column":0},"end":{"line":31,"column":11}},"31":{"start":{"line":32,"column":0},"end":{"line":32,"column":11}},"32":{"start":{"line":33,"column":0},"end":{"line":33,"column":22}},"33":{"start":{"line":34,"column":0},"end":{"line":34,"column":6}},"34":{"start":{"line":35,"column":0},"end":{"line":35,"column":4}},"35":{"start":{"line":36,"column":0},"end":{"line":36,"column":3}}},"s":{"0":0,"1":0,"2":0,"4":0,"5":0,"6":0,"7":0,"8":0,"9":0,"10":0,"11":0,"12":0,"13":0,"14":0,"15":0,"16":0,"17":0,"18":0,"19":0,"20":0,"21":0,"22":0,"23":0,"24":0,"25":0,"26":0,"27":0,"28":0,"29":0,"30":0,"31":0,"32":0,"33":0,"34":0,"35":0},"branchMap":{"0":{"type":"branch","line":1,"loc":{"start":{"line":1,"column":0},"end":{"line":36,"column":-250}},"locations":[{"start":{"line":1,"column":0},"end":{"line":36,"column":-250}}]}},"b":{"0":[0]},"fnMap":{"0":{"name":"(empty-report)","decl":{"start":{"line":1,"column":0},"end":{"line":36,"column":-250}},"loc":{"start":{"line":1,"column":0},"end":{"line":36,"column":-250}},"line":1}},"f":{"0":0}}
,"/home/guillermo/proyectos/poligran/integracion_continua/Front_recursos_humanos/src/App.vue": {"path":"/home/guillermo/proyectos/poligran/integracion_continua/Front_recursos_humanos/src/App.vue","all":false,"statementMap":{"0":{"start":{"line":1,"column":0},"end":{"line":1,"column":24}},"1":{"start":{"line":2,"column":0},"end":{"line":2,"column":36}},"5":{"start":{"line":6,"column":0},"end":{"line":6,"column":57}},"6":{"start":{"line":7,"column":0},"end":{"line":7,"column":28}},"7":{"start":{"line":8,"column":0},"end":{"line":8,"column":28}},"30":{"start":{"line":31,"column":0},"end":{"line":31,"column":37}},"31":{"start":{"line":32,"column":0},"end":{"line":32,"column":25}},"32":{"start":{"line":33,"column":0},"end":{"line":33,"column":21}},"33":{"start":{"line":34,"column":0},"end":{"line":34,"column":28}},"34":{"start":{"line":35,"column":0},"end":{"line":35,"column":42}},"35":{"start":{"line":36,"column":0},"end":{"line":36,"column":36}},"36":{"start":{"line":37,"column":0},"end":{"line":37,"column":13}},"37":{"start":{"line":38,"column":0},"end":{"line":38,"column":16}},"38":{"start":{"line":39,"column":0},"end":{"line":39,"column":13}},"39":{"start":{"line":40,"column":0},"end":{"line":40,"column":15}},"40":{"start":{"line":41,"column":0},"end":{"line":41,"column":11}},"41":{"start":{"line":42,"column":0},"end":{"line":42,"column":13}},"42":{"start":{"line":43,"column":0},"end":{"line":43,"column":55}},"43":{"start":{"line":44,"column":0},"end":{"line":44,"column":2}},"46":{"start":{"line":47,"column":0},"end":{"line":47,"column":36}},"47":{"start":{"line":48,"column":0},"end":{"line":48,"column":7}},"48":{"start":{"line":49,"column":0},"end":{"line":49,"column":24}},"49":{"start":{"line":50,"column":0},"end":{"line":50,"column":56}},"50":{"start":{"line":51,"column":0},"end":{"line":51,"column":66}},"51":{"start":{"line":52,"column":0},"end":{"line":52,"column":43}},"52":{"start":{"line":53,"column":0},"end":{"line":53,"column":20}},"53":{"start":{"line":54,"column":0},"end":{"line":54,"column":15}},"54":{"start":{"line":55,"column":0},"end":{"line":55,"column":70}},"55":{"start":{"line":56,"column":0},"end":{"line":56,"column":13}},"56":{"start":{"line":57,"column":0},"end":{"line":57,"column":25}},"57":{"start":{"line":58,"column":0},"end":{"line":58,"column":3}},"58":{"start":{"line":59,"column":0},"end":{"line":59,"column":1}},"61":{"start":{"line":62,"column":0},"end":{"line":62,"column":36}},"62":{"start":{"line":63,"column":0},"end":{"line":63,"column":7}},"63":{"start":{"line":64,"column":0},"end":{"line":64,"column":21}},"64":{"start":{"line":65,"column":0},"end":{"line":65,"column":24}},"65":{"start":{"line":66,"column":0},"end":{"line":66,"column":79}},"66":{"start":{"line":67,"column":0},"end":{"line":67,"column":44}},"67":{"start":{"line":68,"column":0},"end":{"line":68,"column":48}},"68":{"start":{"line":69,"column":0},"end":{"line":69,"column":40}},"69":{"start":{"line":70,"column":0},"end":{"line":70,"column":57}},"70":{"start":{"line":71,"column":0},"end":{"line":71,"column":5}},"72":{"start":{"line":73,"column":0},"end":{"line":73,"column":58}},"73":{"start":{"line":74,"column":0},"end":{"line":74,"column":21}},"74":{"start":{"line":75,"column":0},"end":{"line":75,"column":54}},"75":{"start":{"line":76,"column":0},"end":{"line":76,"column":35}},"76":{"start":{"line":77,"column":0},"end":{"line":77,"column":6}},"78":{"start":{"line":79,"column":0},"end":{"line":79,"column":23}},"79":{"start":{"line":80,"column":0},"end":{"line":80,"column":45}},"80":{"start":{"line":81,"column":0},"end":{"line":81,"column":68}},"81":{"start":{"line":82,"column":0},"end":{"line":82,"column":5}},"83":{"start":{"line":84,"column":0},"end":{"line":84,"column":26}},"84":{"start":{"line":85,"column":0},"end":{"line":85,"column":16}},"85":{"start":{"line":86,"column":0},"end":{"line":86,"column":15}},"86":{"start":{"line":87,"column":0},"end":{"line":87,"column":76}},"87":{"start":{"line":88,"column":0},"end":{"line":88,"column":3}},"88":{"start":{"line":89,"column":0},"end":{"line":89,"column":1}},"91":{"start":{"line":92,"column":0},"end":{"line":92,"column":36}},"92":{"start":{"line":93,"column":0},"end":{"line":93,"column":30}},"94":{"start":{"line":95,"column":0},"end":{"line":95,"column":7}},"95":{"start":{"line":96,"column":0},"end":{"line":96,"column":21}},"96":{"start":{"line":97,"column":0},"end":{"line":97,"column":24}},"97":{"start":{"line":98,"column":0},"end":{"line":98,"column":79}},"98":{"start":{"line":99,"column":0},"end":{"line":99,"column":44}},"99":{"start":{"line":100,"column":0},"end":{"line":100,"column":48}},"100":{"start":{"line":101,"column":0},"end":{"line":101,"column":40}},"101":{"start":{"line":102,"column":0},"end":{"line":102,"column":57}},"102":{"start":{"line":103,"column":0},"end":{"line":103,"column":5}},"104":{"start":{"line":105,"column":0},"end":{"line":105,"column":77}},"105":{"start":{"line":106,"column":0},"end":{"line":106,"column":20}},"106":{"start":{"line":107,"column":0},"end":{"line":107,"column":54}},"107":{"start":{"line":108,"column":0},"end":{"line":108,"column":35}},"108":{"start":{"line":109,"column":0},"end":{"line":109,"column":6}},"110":{"start":{"line":111,"column":0},"end":{"line":111,"column":23}},"111":{"start":{"line":112,"column":0},"end":{"line":112,"column":45}},"112":{"start":{"line":113,"column":0},"end":{"line":113,"column":73}},"113":{"start":{"line":114,"column":0},"end":{"line":114,"column":5}},"115":{"start":{"line":116,"column":0},"end":{"line":116,"column":26}},"116":{"start":{"line":117,"column":0},"end":{"line":117,"column":16}},"117":{"start":{"line":118,"column":0},"end":{"line":118,"column":15}},"118":{"start":{"line":119,"column":0},"end":{"line":119,"column":81}},"119":{"start":{"line":120,"column":0},"end":{"line":120,"column":3}},"120":{"start":{"line":121,"column":0},"end":{"line":121,"column":1}},"123":{"start":{"line":124,"column":0},"end":{"line":124,"column":46}},"124":{"start":{"line":125,"column":0},"end":{"line":125,"column":66}},"126":{"start":{"line":127,"column":0},"end":{"line":127,"column":7}},"127":{"start":{"line":128,"column":0},"end":{"line":128,"column":64}},"128":{"start":{"line":129,"column":0},"end":{"line":129,"column":22}},"129":{"start":{"line":130,"column":0},"end":{"line":130,"column":6}},"131":{"start":{"line":132,"column":0},"end":{"line":132,"column":67}},"133":{"start":{"line":134,"column":0},"end":{"line":134,"column":26}},"134":{"start":{"line":135,"column":0},"end":{"line":135,"column":15}},"135":{"start":{"line":136,"column":0},"end":{"line":136,"column":79}},"136":{"start":{"line":137,"column":0},"end":{"line":137,"column":3}},"137":{"start":{"line":138,"column":0},"end":{"line":138,"column":1}},"140":{"start":{"line":141,"column":0},"end":{"line":141,"column":31}},"141":{"start":{"line":142,"column":0},"end":{"line":142,"column":24}},"142":{"start":{"line":143,"column":0},"end":{"line":143,"column":20}},"143":{"start":{"line":144,"column":0},"end":{"line":144,"column":15}},"144":{"start":{"line":145,"column":0},"end":{"line":145,"column":18}},"145":{"start":{"line":146,"column":0},"end":{"line":146,"column":15}},"146":{"start":{"line":147,"column":0},"end":{"line":147,"column":17}},"147":{"start":{"line":148,"column":0},"end":{"line":148,"column":13}},"148":{"start":{"line":149,"column":0},"end":{"line":149,"column":15}},"149":{"start":{"line":150,"column":0},"end":{"line":150,"column":57}},"150":{"start":{"line":151,"column":0},"end":{"line":151,"column":3}},"151":{"start":{"line":152,"column":0},"end":{"line":152,"column":24}},"152":{"start":{"line":153,"column":0},"end":{"line":153,"column":1}},"155":{"start":{"line":156,"column":0},"end":{"line":156,"column":47}},"156":{"start":{"line":157,"column":0},"end":{"line":157,"column":31}},"157":{"start":{"line":158,"column":0},"end":{"line":158,"column":20}},"158":{"start":{"line":159,"column":0},"end":{"line":159,"column":28}},"159":{"start":{"line":160,"column":0},"end":{"line":160,"column":34}},"160":{"start":{"line":161,"column":0},"end":{"line":161,"column":34}},"161":{"start":{"line":162,"column":0},"end":{"line":162,"column":38}},"162":{"start":{"line":163,"column":0},"end":{"line":163,"column":30}},"163":{"start":{"line":164,"column":0},"end":{"line":164,"column":46}},"164":{"start":{"line":165,"column":0},"end":{"line":165,"column":47}},"165":{"start":{"line":166,"column":0},"end":{"line":166,"column":3}},"166":{"start":{"line":167,"column":0},"end":{"line":167,"column":24}},"167":{"start":{"line":168,"column":0},"end":{"line":168,"column":1}},"170":{"start":{"line":171,"column":0},"end":{"line":171,"column":26}},"171":{"start":{"line":172,"column":0},"end":{"line":172,"column":25}},"172":{"start":{"line":173,"column":0},"end":{"line":173,"column":24}},"173":{"start":{"line":174,"column":0},"end":{"line":174,"column":18}},"174":{"start":{"line":175,"column":0},"end":{"line":175,"column":1}},"177":{"start":{"line":178,"column":0},"end":{"line":178,"column":28}},"178":{"start":{"line":179,"column":0},"end":{"line":179,"column":24}},"179":{"start":{"line":180,"column":0},"end":{"line":180,"column":20}},"180":{"start":{"line":181,"column":0},"end":{"line":181,"column":10}},"181":{"start":{"line":182,"column":0},"end":{"line":182,"column":20}},"182":{"start":{"line":183,"column":0},"end":{"line":183,"column":3}},"183":{"start":{"line":184,"column":0},"end":{"line":184,"column":1}},"185":{"start":{"line":186,"column":0},"end":{"line":186,"column":17}},"186":{"start":{"line":187,"column":0},"end":{"line":187,"column":18}},"187":{"start":{"line":188,"column":0},"end":{"line":188,"column":2}},"191":{"start":{"line":192,"column":0},"end":{"line":192,"column":19}},"192":{"start":{"line":193,"column":0},"end":{"line":193,"column":27}},"193":{"start":{"line":194,"column":0},"end":{"line":194,"column":29}},"194":{"start":{"line":195,"column":0},"end":{"line":195,"column":36}},"195":{"start":{"line":196,"column":0},"end":{"line":196,"column":15}},"196":{"start":{"line":197,"column":0},"end":{"line":197,"column":37}},"197":{"start":{"line":198,"column":0},"end":{"line":198,"column":74}},"198":{"start":{"line":199,"column":0},"end":{"line":199,"column":16}},"199":{"start":{"line":200,"column":0},"end":{"line":200,"column":63}},"200":{"start":{"line":201,"column":0},"end":{"line":201,"column":39}},"202":{"start":{"line":203,"column":0},"end":{"line":203,"column":19}},"203":{"start":{"line":204,"column":0},"end":{"line":204,"column":14}},"204":{"start":{"line":205,"column":0},"end":{"line":205,"column":12}},"205":{"start":{"line":206,"column":0},"end":{"line":206,"column":13}},"207":{"start":{"line":208,"column":0},"end":{"line":208,"column":28}},"208":{"start":{"line":209,"column":0},"end":{"line":209,"column":50}},"209":{"start":{"line":210,"column":0},"end":{"line":210,"column":42}},"210":{"start":{"line":211,"column":0},"end":{"line":211,"column":19}},"211":{"start":{"line":212,"column":0},"end":{"line":212,"column":66}},"212":{"start":{"line":213,"column":0},"end":{"line":213,"column":12}},"214":{"start":{"line":215,"column":0},"end":{"line":215,"column":48}},"215":{"start":{"line":216,"column":0},"end":{"line":216,"column":35}},"216":{"start":{"line":217,"column":0},"end":{"line":217,"column":36}},"217":{"start":{"line":218,"column":0},"end":{"line":218,"column":12}},"219":{"start":{"line":220,"column":0},"end":{"line":220,"column":66}},"220":{"start":{"line":221,"column":0},"end":{"line":221,"column":40}},"221":{"start":{"line":222,"column":0},"end":{"line":222,"column":45}},"222":{"start":{"line":223,"column":0},"end":{"line":223,"column":52}},"223":{"start":{"line":224,"column":0},"end":{"line":224,"column":61}},"224":{"start":{"line":225,"column":0},"end":{"line":225,"column":37}},"226":{"start":{"line":227,"column":0},"end":{"line":227,"column":17}},"227":{"start":{"line":228,"column":0},"end":{"line":228,"column":12}},"229":{"start":{"line":230,"column":0},"end":{"line":230,"column":42}},"230":{"start":{"line":231,"column":0},"end":{"line":231,"column":39}},"231":{"start":{"line":232,"column":0},"end":{"line":232,"column":17}},"232":{"start":{"line":233,"column":0},"end":{"line":233,"column":16}},"233":{"start":{"line":234,"column":0},"end":{"line":234,"column":29}},"234":{"start":{"line":235,"column":0},"end":{"line":235,"column":32}},"235":{"start":{"line":236,"column":0},"end":{"line":236,"column":29}},"236":{"start":{"line":237,"column":0},"end":{"line":237,"column":31}},"237":{"start":{"line":238,"column":0},"end":{"line":238,"column":27}},"238":{"start":{"line":239,"column":0},"end":{"line":239,"column":29}},"239":{"start":{"line":240,"column":0},"end":{"line":240,"column":39}},"240":{"start":{"line":241,"column":0},"end":{"line":241,"column":31}},"241":{"start":{"line":242,"column":0},"end":{"line":242,"column":17}},"242":{"start":{"line":243,"column":0},"end":{"line":243,"column":18}},"243":{"start":{"line":244,"column":0},"end":{"line":244,"column":17}},"244":{"start":{"line":245,"column":0},"end":{"line":245,"column":65}},"245":{"start":{"line":246,"column":0},"end":{"line":246,"column":44}},"246":{"start":{"line":247,"column":0},"end":{"line":247,"column":47}},"247":{"start":{"line":248,"column":0},"end":{"line":248,"column":53}},"248":{"start":{"line":249,"column":0},"end":{"line":249,"column":55}},"249":{"start":{"line":250,"column":0},"end":{"line":250,"column":18}},"250":{"start":{"line":251,"column":0},"end":{"line":251,"column":83}},"251":{"start":{"line":252,"column":0},"end":{"line":252,"column":39}},"252":{"start":{"line":253,"column":0},"end":{"line":253,"column":19}},"253":{"start":{"line":254,"column":0},"end":{"line":254,"column":33}},"254":{"start":{"line":255,"column":0},"end":{"line":255,"column":106}},"255":{"start":{"line":256,"column":0},"end":{"line":256,"column":39}},"256":{"start":{"line":257,"column":0},"end":{"line":257,"column":19}},"257":{"start":{"line":258,"column":0},"end":{"line":258,"column":18}},"258":{"start":{"line":259,"column":0},"end":{"line":259,"column":125}},"259":{"start":{"line":260,"column":0},"end":{"line":260,"column":39}},"260":{"start":{"line":261,"column":0},"end":{"line":261,"column":19}},"261":{"start":{"line":262,"column":0},"end":{"line":262,"column":34}},"262":{"start":{"line":263,"column":0},"end":{"line":263,"column":74}},"264":{"start":{"line":265,"column":0},"end":{"line":265,"column":25}},"265":{"start":{"line":266,"column":0},"end":{"line":266,"column":80}},"267":{"start":{"line":268,"column":0},"end":{"line":268,"column":25}},"268":{"start":{"line":269,"column":0},"end":{"line":269,"column":19}},"269":{"start":{"line":270,"column":0},"end":{"line":270,"column":17}},"270":{"start":{"line":271,"column":0},"end":{"line":271,"column":18}},"271":{"start":{"line":272,"column":0},"end":{"line":272,"column":16}},"272":{"start":{"line":273,"column":0},"end":{"line":273,"column":12}},"273":{"start":{"line":274,"column":0},"end":{"line":274,"column":11}},"275":{"start":{"line":276,"column":0},"end":{"line":276,"column":18}},"276":{"start":{"line":277,"column":0},"end":{"line":277,"column":29}},"277":{"start":{"line":278,"column":0},"end":{"line":278,"column":75}},"278":{"start":{"line":279,"column":0},"end":{"line":279,"column":27}},"279":{"start":{"line":280,"column":0},"end":{"line":280,"column":36}},"280":{"start":{"line":281,"column":0},"end":{"line":281,"column":16}},"281":{"start":{"line":282,"column":0},"end":{"line":282,"column":68}},"282":{"start":{"line":283,"column":0},"end":{"line":283,"column":68}},"283":{"start":{"line":284,"column":0},"end":{"line":284,"column":17}},"284":{"start":{"line":285,"column":0},"end":{"line":285,"column":68}},"285":{"start":{"line":286,"column":0},"end":{"line":286,"column":16}},"287":{"start":{"line":288,"column":0},"end":{"line":288,"column":66}},"288":{"start":{"line":289,"column":0},"end":{"line":289,"column":35}},"289":{"start":{"line":290,"column":0},"end":{"line":290,"column":38}},"290":{"start":{"line":291,"column":0},"end":{"line":291,"column":36}},"291":{"start":{"line":292,"column":0},"end":{"line":292,"column":46}},"293":{"start":{"line":294,"column":0},"end":{"line":294,"column":24}},"294":{"start":{"line":295,"column":0},"end":{"line":295,"column":23}},"295":{"start":{"line":296,"column":0},"end":{"line":296,"column":44}},"296":{"start":{"line":297,"column":0},"end":{"line":297,"column":30}},"297":{"start":{"line":298,"column":0},"end":{"line":298,"column":30}},"298":{"start":{"line":299,"column":0},"end":{"line":299,"column":46}},"299":{"start":{"line":300,"column":0},"end":{"line":300,"column":27}},"300":{"start":{"line":301,"column":0},"end":{"line":301,"column":18}},"301":{"start":{"line":302,"column":0},"end":{"line":302,"column":20}},"303":{"start":{"line":304,"column":0},"end":{"line":304,"column":38}},"304":{"start":{"line":305,"column":0},"end":{"line":305,"column":39}},"305":{"start":{"line":306,"column":0},"end":{"line":306,"column":46}},"307":{"start":{"line":308,"column":0},"end":{"line":308,"column":24}},"308":{"start":{"line":309,"column":0},"end":{"line":309,"column":23}},"309":{"start":{"line":310,"column":0},"end":{"line":310,"column":47}},"310":{"start":{"line":311,"column":0},"end":{"line":311,"column":33}},"311":{"start":{"line":312,"column":0},"end":{"line":312,"column":30}},"312":{"start":{"line":313,"column":0},"end":{"line":313,"column":46}},"313":{"start":{"line":314,"column":0},"end":{"line":314,"column":27}},"314":{"start":{"line":315,"column":0},"end":{"line":315,"column":18}},"315":{"start":{"line":316,"column":0},"end":{"line":316,"column":20}},"317":{"start":{"line":318,"column":0},"end":{"line":318,"column":38}},"318":{"start":{"line":319,"column":0},"end":{"line":319,"column":36}},"319":{"start":{"line":320,"column":0},"end":{"line":320,"column":46}},"321":{"start":{"line":322,"column":0},"end":{"line":322,"column":24}},"322":{"start":{"line":323,"column":0},"end":{"line":323,"column":23}},"323":{"start":{"line":324,"column":0},"end":{"line":324,"column":44}},"324":{"start":{"line":325,"column":0},"end":{"line":325,"column":30}},"325":{"start":{"line":326,"column":0},"end":{"line":326,"column":31}},"326":{"start":{"line":327,"column":0},"end":{"line":327,"column":50}},"327":{"start":{"line":328,"column":0},"end":{"line":328,"column":18}},"328":{"start":{"line":329,"column":0},"end":{"line":329,"column":20}},"330":{"start":{"line":331,"column":0},"end":{"line":331,"column":38}},"331":{"start":{"line":332,"column":0},"end":{"line":332,"column":38}},"332":{"start":{"line":333,"column":0},"end":{"line":333,"column":46}},"334":{"start":{"line":335,"column":0},"end":{"line":335,"column":24}},"335":{"start":{"line":336,"column":0},"end":{"line":336,"column":23}},"336":{"start":{"line":337,"column":0},"end":{"line":337,"column":46}},"337":{"start":{"line":338,"column":0},"end":{"line":338,"column":32}},"338":{"start":{"line":339,"column":0},"end":{"line":339,"column":29}},"339":{"start":{"line":340,"column":0},"end":{"line":340,"column":46}},"340":{"start":{"line":341,"column":0},"end":{"line":341,"column":18}},"341":{"start":{"line":342,"column":0},"end":{"line":342,"column":20}},"343":{"start":{"line":344,"column":0},"end":{"line":344,"column":38}},"344":{"start":{"line":345,"column":0},"end":{"line":345,"column":34}},"345":{"start":{"line":346,"column":0},"end":{"line":346,"column":46}},"347":{"start":{"line":348,"column":0},"end":{"line":348,"column":24}},"348":{"start":{"line":349,"column":0},"end":{"line":349,"column":23}},"349":{"start":{"line":350,"column":0},"end":{"line":350,"column":42}},"350":{"start":{"line":351,"column":0},"end":{"line":351,"column":28}},"351":{"start":{"line":352,"column":0},"end":{"line":352,"column":30}},"352":{"start":{"line":353,"column":0},"end":{"line":353,"column":52}},"353":{"start":{"line":354,"column":0},"end":{"line":354,"column":18}},"354":{"start":{"line":355,"column":0},"end":{"line":355,"column":20}},"356":{"start":{"line":357,"column":0},"end":{"line":357,"column":38}},"357":{"start":{"line":358,"column":0},"end":{"line":358,"column":36}},"358":{"start":{"line":359,"column":0},"end":{"line":359,"column":46}},"360":{"start":{"line":361,"column":0},"end":{"line":361,"column":24}},"361":{"start":{"line":362,"column":0},"end":{"line":362,"column":23}},"362":{"start":{"line":363,"column":0},"end":{"line":363,"column":44}},"363":{"start":{"line":364,"column":0},"end":{"line":364,"column":30}},"364":{"start":{"line":365,"column":0},"end":{"line":365,"column":32}},"365":{"start":{"line":366,"column":0},"end":{"line":366,"column":30}},"366":{"start":{"line":367,"column":0},"end":{"line":367,"column":26}},"367":{"start":{"line":368,"column":0},"end":{"line":368,"column":36}},"368":{"start":{"line":369,"column":0},"end":{"line":369,"column":18}},"369":{"start":{"line":370,"column":0},"end":{"line":370,"column":20}},"371":{"start":{"line":372,"column":0},"end":{"line":372,"column":49}},"372":{"start":{"line":373,"column":0},"end":{"line":373,"column":43}},"373":{"start":{"line":374,"column":0},"end":{"line":374,"column":46}},"375":{"start":{"line":376,"column":0},"end":{"line":376,"column":24}},"376":{"start":{"line":377,"column":0},"end":{"line":377,"column":23}},"377":{"start":{"line":378,"column":0},"end":{"line":378,"column":51}},"378":{"start":{"line":379,"column":0},"end":{"line":379,"column":37}},"379":{"start":{"line":380,"column":0},"end":{"line":380,"column":30}},"380":{"start":{"line":381,"column":0},"end":{"line":381,"column":18}},"381":{"start":{"line":382,"column":0},"end":{"line":382,"column":20}},"382":{"start":{"line":383,"column":0},"end":{"line":383,"column":18}},"384":{"start":{"line":385,"column":0},"end":{"line":385,"column":39}},"385":{"start":{"line":386,"column":0},"end":{"line":386,"column":78}},"387":{"start":{"line":388,"column":0},"end":{"line":388,"column":23}},"388":{"start":{"line":389,"column":0},"end":{"line":389,"column":56}},"389":{"start":{"line":390,"column":0},"end":{"line":390,"column":70}},"390":{"start":{"line":391,"column":0},"end":{"line":391,"column":70}},"391":{"start":{"line":392,"column":0},"end":{"line":392,"column":23}},"392":{"start":{"line":393,"column":0},"end":{"line":393,"column":18}},"393":{"start":{"line":394,"column":0},"end":{"line":394,"column":17}},"394":{"start":{"line":395,"column":0},"end":{"line":395,"column":14}},"395":{"start":{"line":396,"column":0},"end":{"line":396,"column":12}},"396":{"start":{"line":397,"column":0},"end":{"line":397,"column":17}},"397":{"start":{"line":398,"column":0},"end":{"line":398,"column":8}}},"s":{"0":1,"1":1,"5":1,"6":1,"7":0,"30":1,"31":1,"32":1,"33":1,"34":1,"35":1,"36":1,"37":1,"38":1,"39":1,"40":1,"41":1,"42":1,"43":1,"46":1,"47":21,"48":21,"49":21,"50":21,"51":17,"52":17,"53":21,"54":3,"55":21,"56":20,"57":20,"58":21,"61":1,"62":2,"63":2,"64":2,"65":2,"66":2,"67":2,"68":2,"69":2,"70":2,"72":2,"73":2,"74":2,"75":2,"76":2,"78":2,"79":1,"80":1,"81":1,"83":1,"84":1,"85":1,"86":1,"87":1,"88":2,"91":1,"92":1,"94":1,"95":1,"96":1,"97":1,"98":1,"99":1,"100":1,"101":1,"102":1,"104":1,"105":1,"106":1,"107":1,"108":1,"110":1,"111":0,"112":0,"113":0,"115":1,"116":1,"117":1,"118":0,"119":0,"120":1,"123":1,"124":2,"126":1,"127":1,"128":1,"129":1,"131":2,"133":1,"134":2,"135":0,"136":0,"137":2,"140":1,"141":6,"142":6,"143":6,"144":6,"145":6,"146":6,"147":6,"148":6,"149":6,"150":6,"151":6,"152":6,"155":1,"156":2,"157":2,"158":2,"159":2,"160":2,"161":2,"162":2,"163":2,"164":2,"165":2,"166":2,"167":2,"170":1,"171":4,"172":4,"173":4,"174":4,"177":1,"178":3,"179":1,"180":3,"181":2,"182":2,"183":3,"185":1,"186":18,"187":1,"191":1,"192":1,"193":1,"194":1,"195":1,"196":1,"197":1,"198":1,"199":1,"200":18,"202":18,"203":1,"204":1,"205":1,"207":1,"208":1,"209":1,"210":1,"211":1,"212":1,"214":1,"215":21,"216":21,"217":1,"219":1,"220":13,"221":11,"222":11,"223":13,"224":11,"226":11,"227":13,"229":1,"230":1,"231":1,"232":1,"233":1,"234":1,"235":1,"236":1,"237":1,"238":1,"239":1,"240":1,"241":1,"242":1,"243":1,"244":1,"245":1,"246":1,"247":1,"248":1,"249":1,"250":1,"251":3,"252":1,"253":1,"254":1,"255":2,"256":1,"257":1,"258":1,"259":2,"260":1,"261":1,"262":1,"264":1,"265":1,"267":1,"268":1,"269":1,"270":1,"271":1,"272":1,"273":1,"275":1,"276":1,"277":1,"278":1,"279":1,"280":1,"281":1,"282":1,"283":1,"284":1,"285":1,"287":1,"288":1,"289":1,"290":1,"291":1,"293":1,"294":1,"295":1,"296":1,"297":1,"298":1,"299":1,"300":1,"301":1,"303":1,"304":1,"305":1,"307":1,"308":1,"309":1,"310":1,"311":1,"312":1,"313":1,"314":1,"315":1,"317":1,"318":1,"319":1,"321":1,"322":1,"323":1,"324":1,"325":1,"326":1,"327":1,"328":1,"330":1,"331":1,"332":1,"334":1,"335":1,"336":1,"337":1,"338":1,"339":1,"340":1,"341":1,"343":1,"344":1,"345":1,"347":1,"348":1,"349":1,"350":1,"351":1,"352":1,"353":1,"354":1,"356":1,"357":1,"358":1,"360":1,"361":1,"362":1,"363":1,"364":1,"365":1,"366":1,"367":1,"368":1,"369":1,"371":1,"372":1,"373":1,"375":1,"376":1,"377":1,"378":1,"379":1,"380":1,"381":1,"382":1,"384":1,"385":1,"387":1,"388":1,"389":1,"390":1,"391":1,"392":1,"393":1,"394":1,"395":1,"396":1,"397":1},"branchMap":{"0":{"type":"branch","line":7,"loc":{"start":{"line":7,"column":4},"end":{"line":8,"column":28}},"locations":[{"start":{"line":7,"column":4},"end":{"line":8,"column":28}}]},"1":{"type":"branch","line":47,"loc":{"start":{"line":47,"column":23},"end":{"line":59,"column":1}},"locations":[{"start":{"line":47,"column":23},"end":{"line":59,"column":1}}]},"2":{"type":"branch","line":50,"loc":{"start":{"line":50,"column":55},"end":{"line":51,"column":28}},"locations":[{"start":{"line":50,"column":55},"end":{"line":51,"column":28}}]},"3":{"type":"branch","line":51,"loc":{"start":{"line":51,"column":22},"end":{"line":51,"column":66}},"locations":[{"start":{"line":51,"column":22},"end":{"line":51,"column":66}}]},"4":{"type":"branch","line":51,"loc":{"start":{"line":51,"column":65},"end":{"line":54,"column":11}},"locations":[{"start":{"line":51,"column":65},"end":{"line":54,"column":11}}]},"5":{"type":"branch","line":54,"loc":{"start":{"line":54,"column":2},"end":{"line":56,"column":4}},"locations":[{"start":{"line":54,"column":2},"end":{"line":56,"column":4}}]},"6":{"type":"branch","line":55,"loc":{"start":{"line":55,"column":41},"end":{"line":55,"column":70}},"locations":[{"start":{"line":55,"column":41},"end":{"line":55,"column":70}}]},"7":{"type":"branch","line":56,"loc":{"start":{"line":56,"column":2},"end":{"line":58,"column":3}},"locations":[{"start":{"line":56,"column":2},"end":{"line":58,"column":3}}]},"8":{"type":"branch","line":62,"loc":{"start":{"line":62,"column":23},"end":{"line":89,"column":1}},"locations":[{"start":{"line":62,"column":23},"end":{"line":89,"column":1}}]},"9":{"type":"branch","line":66,"loc":{"start":{"line":66,"column":29},"end":{"line":66,"column":74}},"locations":[{"start":{"line":66,"column":29},"end":{"line":66,"column":74}}]},"10":{"type":"branch","line":66,"loc":{"start":{"line":66,"column":70},"end":{"line":66,"column":79}},"locations":[{"start":{"line":66,"column":70},"end":{"line":66,"column":79}}]},"11":{"type":"branch","line":67,"loc":{"start":{"line":67,"column":29},"end":{"line":67,"column":44}},"locations":[{"start":{"line":67,"column":29},"end":{"line":67,"column":44}}]},"12":{"type":"branch","line":68,"loc":{"start":{"line":68,"column":31},"end":{"line":68,"column":48}},"locations":[{"start":{"line":68,"column":31},"end":{"line":68,"column":48}}]},"13":{"type":"branch","line":69,"loc":{"start":{"line":69,"column":27},"end":{"line":69,"column":40}},"locations":[{"start":{"line":69,"column":27},"end":{"line":69,"column":40}}]},"14":{"type":"branch","line":70,"loc":{"start":{"line":70,"column":36},"end":{"line":70,"column":57}},"locations":[{"start":{"line":70,"column":36},"end":{"line":70,"column":57}}]},"15":{"type":"branch","line":79,"loc":{"start":{"line":79,"column":22},"end":{"line":88,"column":3}},"locations":[{"start":{"line":79,"column":22},"end":{"line":88,"column":3}}]},"16":{"type":"branch","line":81,"loc":{"start":{"line":81,"column":32},"end":{"line":81,"column":67}},"locations":[{"start":{"line":81,"column":32},"end":{"line":81,"column":67}}]},"17":{"type":"branch","line":87,"loc":{"start":{"line":87,"column":41},"end":{"line":87,"column":76}},"locations":[{"start":{"line":87,"column":41},"end":{"line":87,"column":76}}]},"18":{"type":"branch","line":92,"loc":{"start":{"line":92,"column":23},"end":{"line":121,"column":1}},"locations":[{"start":{"line":92,"column":23},"end":{"line":121,"column":1}}]},"19":{"type":"branch","line":93,"loc":{"start":{"line":93,"column":24},"end":{"line":93,"column":30}},"locations":[{"start":{"line":93,"column":24},"end":{"line":93,"column":30}}]},"20":{"type":"branch","line":98,"loc":{"start":{"line":98,"column":70},"end":{"line":98,"column":79}},"locations":[{"start":{"line":98,"column":70},"end":{"line":98,"column":79}}]},"21":{"type":"branch","line":99,"loc":{"start":{"line":99,"column":29},"end":{"line":99,"column":44}},"locations":[{"start":{"line":99,"column":29},"end":{"line":99,"column":44}}]},"22":{"type":"branch","line":100,"loc":{"start":{"line":100,"column":31},"end":{"line":100,"column":48}},"locations":[{"start":{"line":100,"column":31},"end":{"line":100,"column":48}}]},"23":{"type":"branch","line":101,"loc":{"start":{"line":101,"column":27},"end":{"line":101,"column":40}},"locations":[{"start":{"line":101,"column":27},"end":{"line":101,"column":40}}]},"24":{"type":"branch","line":102,"loc":{"start":{"line":102,"column":36},"end":{"line":102,"column":57}},"locations":[{"start":{"line":102,"column":36},"end":{"line":102,"column":57}}]},"25":{"type":"branch","line":111,"loc":{"start":{"line":111,"column":22},"end":{"line":114,"column":5}},"locations":[{"start":{"line":111,"column":22},"end":{"line":114,"column":5}}]},"26":{"type":"branch","line":118,"loc":{"start":{"line":118,"column":2},"end":{"line":120,"column":3}},"locations":[{"start":{"line":118,"column":2},"end":{"line":120,"column":3}}]},"27":{"type":"branch","line":124,"loc":{"start":{"line":124,"column":23},"end":{"line":138,"column":1}},"locations":[{"start":{"line":124,"column":23},"end":{"line":138,"column":1}}]},"28":{"type":"branch","line":125,"loc":{"start":{"line":125,"column":60},"end":{"line":132,"column":28}},"locations":[{"start":{"line":125,"column":60},"end":{"line":132,"column":28}}]},"29":{"type":"branch","line":132,"loc":{"start":{"line":132,"column":22},"end":{"line":132,"column":67}},"locations":[{"start":{"line":132,"column":22},"end":{"line":132,"column":67}}]},"30":{"type":"branch","line":132,"loc":{"start":{"line":132,"column":66},"end":{"line":135,"column":11}},"locations":[{"start":{"line":132,"column":66},"end":{"line":135,"column":11}}]},"31":{"type":"branch","line":135,"loc":{"start":{"line":135,"column":2},"end":{"line":137,"column":3}},"locations":[{"start":{"line":135,"column":2},"end":{"line":137,"column":3}}]},"32":{"type":"branch","line":141,"loc":{"start":{"line":141,"column":24},"end":{"line":153,"column":1}},"locations":[{"start":{"line":141,"column":24},"end":{"line":153,"column":1}}]},"33":{"type":"branch","line":156,"loc":{"start":{"line":156,"column":22},"end":{"line":168,"column":1}},"locations":[{"start":{"line":156,"column":22},"end":{"line":168,"column":1}}]},"34":{"type":"branch","line":161,"loc":{"start":{"line":161,"column":21},"end":{"line":161,"column":34}},"locations":[{"start":{"line":161,"column":21},"end":{"line":161,"column":34}}]},"35":{"type":"branch","line":162,"loc":{"start":{"line":162,"column":23},"end":{"line":162,"column":38}},"locations":[{"start":{"line":162,"column":23},"end":{"line":162,"column":38}}]},"36":{"type":"branch","line":163,"loc":{"start":{"line":163,"column":19},"end":{"line":163,"column":30}},"locations":[{"start":{"line":163,"column":19},"end":{"line":163,"column":30}}]},"37":{"type":"branch","line":164,"loc":{"start":{"line":164,"column":38},"end":{"line":164,"column":46}},"locations":[{"start":{"line":164,"column":38},"end":{"line":164,"column":46}}]},"38":{"type":"branch","line":165,"loc":{"start":{"line":165,"column":28},"end":{"line":165,"column":47}},"locations":[{"start":{"line":165,"column":28},"end":{"line":165,"column":47}}]},"39":{"type":"branch","line":171,"loc":{"start":{"line":171,"column":19},"end":{"line":175,"column":1}},"locations":[{"start":{"line":171,"column":19},"end":{"line":175,"column":1}}]},"40":{"type":"branch","line":178,"loc":{"start":{"line":178,"column":21},"end":{"line":184,"column":1}},"locations":[{"start":{"line":178,"column":21},"end":{"line":184,"column":1}}]},"41":{"type":"branch","line":179,"loc":{"start":{"line":179,"column":23},"end":{"line":181,"column":9}},"locations":[{"start":{"line":179,"column":23},"end":{"line":181,"column":9}}]},"42":{"type":"branch","line":181,"loc":{"start":{"line":181,"column":2},"end":{"line":183,"column":3}},"locations":[{"start":{"line":181,"column":2},"end":{"line":183,"column":3}}]},"43":{"type":"branch","line":186,"loc":{"start":{"line":186,"column":10},"end":{"line":188,"column":1}},"locations":[{"start":{"line":186,"column":10},"end":{"line":188,"column":1}}]},"44":{"type":"branch","line":200,"loc":{"start":{"line":200,"column":49},"end":{"line":203,"column":19}},"locations":[{"start":{"line":200,"column":49},"end":{"line":203,"column":19}}]},"45":{"type":"branch","line":212,"loc":{"start":{"line":212,"column":57},"end":{"line":212,"column":66}},"locations":[{"start":{"line":212,"column":57},"end":{"line":212,"column":66}}]},"46":{"type":"branch","line":215,"loc":{"start":{"line":215,"column":17},"end":{"line":217,"column":36}},"locations":[{"start":{"line":215,"column":17},"end":{"line":217,"column":36}}]},"47":{"type":"branch","line":220,"loc":{"start":{"line":220,"column":38},"end":{"line":230,"column":18}},"locations":[{"start":{"line":220,"column":38},"end":{"line":230,"column":18}}]},"48":{"type":"branch","line":221,"loc":{"start":{"line":221,"column":34},"end":{"line":222,"column":45}},"locations":[{"start":{"line":221,"column":34},"end":{"line":222,"column":45}}]},"49":{"type":"branch","line":222,"loc":{"start":{"line":222,"column":40},"end":{"line":223,"column":52}},"locations":[{"start":{"line":222,"column":40},"end":{"line":223,"column":52}}]},"50":{"type":"branch","line":224,"loc":{"start":{"line":224,"column":47},"end":{"line":227,"column":17}},"locations":[{"start":{"line":224,"column":47},"end":{"line":227,"column":17}}]},"51":{"type":"branch","line":212,"loc":{"start":{"line":212,"column":22},"end":{"line":212,"column":36}},"locations":[{"start":{"line":212,"column":22},"end":{"line":212,"column":36}}]},"52":{"type":"branch","line":248,"loc":{"start":{"line":248,"column":30},"end":{"line":248,"column":53}},"locations":[{"start":{"line":248,"column":30},"end":{"line":248,"column":53}}]},"53":{"type":"branch","line":249,"loc":{"start":{"line":249,"column":30},"end":{"line":249,"column":55}},"locations":[{"start":{"line":249,"column":30},"end":{"line":249,"column":55}}]},"54":{"type":"branch","line":251,"loc":{"start":{"line":251,"column":73},"end":{"line":252,"column":39}},"locations":[{"start":{"line":251,"column":73},"end":{"line":252,"column":39}}]},"55":{"type":"branch","line":255,"loc":{"start":{"line":255,"column":87},"end":{"line":256,"column":39}},"locations":[{"start":{"line":255,"column":87},"end":{"line":256,"column":39}}]},"56":{"type":"branch","line":259,"loc":{"start":{"line":259,"column":106},"end":{"line":260,"column":39}},"locations":[{"start":{"line":259,"column":106},"end":{"line":260,"column":39}}]},"57":{"type":"branch","line":263,"loc":{"start":{"line":263,"column":47},"end":{"line":263,"column":74}},"locations":[{"start":{"line":263,"column":47},"end":{"line":263,"column":74}}]},"58":{"type":"branch","line":266,"loc":{"start":{"line":266,"column":49},"end":{"line":266,"column":80}},"locations":[{"start":{"line":266,"column":49},"end":{"line":266,"column":80}}]},"59":{"type":"branch","line":282,"loc":{"start":{"line":282,"column":36},"end":{"line":282,"column":68}},"locations":[{"start":{"line":282,"column":36},"end":{"line":282,"column":68}}]},"60":{"type":"branch","line":282,"loc":{"start":{"line":282,"column":45},"end":{"line":282,"column":68}},"locations":[{"start":{"line":282,"column":45},"end":{"line":282,"column":68}}]},"61":{"type":"branch","line":283,"loc":{"start":{"line":283,"column":17},"end":{"line":283,"column":68}},"locations":[{"start":{"line":283,"column":17},"end":{"line":283,"column":68}}]},"62":{"type":"branch","line":283,"loc":{"start":{"line":283,"column":26},"end":{"line":283,"column":68}},"locations":[{"start":{"line":283,"column":26},"end":{"line":283,"column":68}}]},"63":{"type":"branch","line":390,"loc":{"start":{"line":390,"column":38},"end":{"line":390,"column":70}},"locations":[{"start":{"line":390,"column":38},"end":{"line":390,"column":70}}]},"64":{"type":"branch","line":390,"loc":{"start":{"line":390,"column":47},"end":{"line":390,"column":70}},"locations":[{"start":{"line":390,"column":47},"end":{"line":390,"column":70}}]},"65":{"type":"branch","line":391,"loc":{"start":{"line":391,"column":19},"end":{"line":391,"column":70}},"locations":[{"start":{"line":391,"column":19},"end":{"line":391,"column":70}}]},"66":{"type":"branch","line":391,"loc":{"start":{"line":391,"column":28},"end":{"line":391,"column":70}},"locations":[{"start":{"line":391,"column":28},"end":{"line":391,"column":70}}]}},"b":{"0":[0],"1":[21],"2":[18],"3":[0],"4":[17],"5":[3],"6":[0],"7":[20],"8":[2],"9":[1],"10":[1],"11":[1],"12":[1],"13":[1],"14":[0],"15":[1],"16":[0],"17":[0],"18":[1],"19":[0],"20":[0],"21":[0],"22":[0],"23":[0],"24":[0],"25":[0],"26":[0],"27":[2],"28":[1],"29":[0],"30":[1],"31":[0],"32":[6],"33":[2],"34":[0],"35":[0],"36":[0],"37":[0],"38":[0],"39":[4],"40":[3],"41":[1],"42":[2],"43":[18],"44":[18],"45":[39],"46":[21],"47":[13],"48":[11],"49":[11],"50":[11],"51":[1],"52":[1],"53":[3],"54":[3],"55":[2],"56":[2],"57":[2],"58":[2],"59":[3],"60":[15],"61":[3],"62":[15],"63":[3],"64":[15],"65":[3],"66":[15]},"fnMap":{"0":{"name":"fetchEmpleados","decl":{"start":{"line":47,"column":23},"end":{"line":59,"column":1}},"loc":{"start":{"line":47,"column":23},"end":{"line":59,"column":1}},"line":47},"1":{"name":"createEmpleado","decl":{"start":{"line":62,"column":23},"end":{"line":89,"column":1}},"loc":{"start":{"line":62,"column":23},"end":{"line":89,"column":1}},"line":62},"2":{"name":"updateEmpleado","decl":{"start":{"line":92,"column":23},"end":{"line":121,"column":1}},"loc":{"start":{"line":92,"column":23},"end":{"line":121,"column":1}},"line":92},"3":{"name":"deleteEmpleado","decl":{"start":{"line":124,"column":23},"end":{"line":138,"column":1}},"loc":{"start":{"line":124,"column":23},"end":{"line":138,"column":1}},"line":124},"4":{"name":"openCreateModal","decl":{"start":{"line":141,"column":24},"end":{"line":153,"column":1}},"loc":{"start":{"line":141,"column":24},"end":{"line":153,"column":1}},"line":141},"5":{"name":"openEditModal","decl":{"start":{"line":156,"column":22},"end":{"line":168,"column":1}},"loc":{"start":{"line":156,"column":22},"end":{"line":168,"column":1}},"line":156},"6":{"name":"closeModal","decl":{"start":{"line":171,"column":19},"end":{"line":175,"column":1}},"loc":{"start":{"line":171,"column":19},"end":{"line":175,"column":1}},"line":171},"7":{"name":"handleSubmit","decl":{"start":{"line":178,"column":21},"end":{"line":184,"column":1}},"loc":{"start":{"line":178,"column":21},"end":{"line":184,"column":1}},"line":178},"8":{"name":"__vite_ssr_import_2__.createElementBlock.__vite_ssr_import_2__.createElementVNode.$setup.error.__vite_ssr_import_2__.createElementBlock.__vite_ssr_import_2__.createElementVNode.onClick._cache.<computed>._cache.<computed>","decl":{"start":{"line":212,"column":22},"end":{"line":212,"column":36}},"loc":{"start":{"line":212,"column":22},"end":{"line":212,"column":36}},"line":212},"9":{"name":"onClick","decl":{"start":{"line":263,"column":47},"end":{"line":263,"column":74}},"loc":{"start":{"line":263,"column":47},"end":{"line":263,"column":74}},"line":263},"10":{"name":"onClick","decl":{"start":{"line":266,"column":49},"end":{"line":266,"column":80}},"loc":{"start":{"line":266,"column":49},"end":{"line":266,"column":80}},"line":266}},"f":{"0":21,"1":2,"2":1,"3":2,"4":6,"5":2,"6":4,"7":3,"8":1,"9":2,"10":2}}
,"/home/guillermo/proyectos/poligran/integracion_continua/Front_recursos_humanos/src/components/HelloWorld.vue": {"path":"/home/guillermo/proyectos/poligran/integracion_continua/Front_recursos_humanos/src/components/HelloWorld.vue","all":true,"statementMap":{"0":{"start":{"line":1,"column":0},"end":{"line":1,"column":24}},"1":{"start":{"line":2,"column":0},"end":{"line":2,"column":25}},"5":{"start":{"line":6,"column":0},"end":{"line":6,"column":20}},"9":{"start":{"line":10,"column":0},"end":{"line":10,"column":20}},"11":{"start":{"line":12,"column":0},"end":{"line":12,"column":20}},"12":{"start":{"line":13,"column":0},"end":{"line":13,"column":72}},"13":{"start":{"line":14,"column":0},"end":{"line":14,"column":7}},"15":{"start":{"line":16,"column":0},"end":{"line":16,"column":56}},"16":{"start":{"line":17,"column":0},"end":{"line":17,"column":8}},"17":{"start":{"line":18,"column":0},"end":{"line":18,"column":8}},"19":{"start":{"line":20,"column":0},"end":{"line":20,"column":5}},"21":{"start":{"line":22,"column":0},"end":{"line":22,"column":76}},"22":{"start":{"line":23,"column":0},"end":{"line":23,"column":20}},"23":{"start":{"line":24,"column":0},"end":{"line":24,"column":38}},"24":{"start":{"line":25,"column":0},"end":{"line":25,"column":6}},"25":{"start":{"line":26,"column":0},"end":{"line":26,"column":5}},"27":{"start":{"line":28,"column":0},"end":{"line":28,"column":6}},"28":{"start":{"line":29,"column":0},"end":{"line":29,"column":72}},"29":{"start":{"line":30,"column":0},"end":{"line":30,"column":21}},"30":{"start":{"line":31,"column":0},"end":{"line":31,"column":35}},"31":{"start":{"line":32,"column":0},"end":{"line":32,"column":6}},"32":{"start":{"line":33,"column":0},"end":{"line":33,"column":6}},"33":{"start":{"line":34,"column":0},"end":{"line":34,"column":76}}},"s":{"0":0,"1":0,"5":0,"9":0,"11":0,"12":0,"13":0,"15":0,"16":0,"17":0,"19":0,"21":0,"22":0,"23":0,"24":0,"25":0,"27":0,"28":0,"29":0,"30":0,"31":0,"32":0,"33":0},"branchMap":{"0":{"type":"branch","line":1,"loc":{"start":{"line":1,"column":855},"end":{"line":41,"column":8}},"locations":[{"start":{"line":1,"column":855},"end":{"line":41,"column":8}}]}},"b":{"0":[0]},"fnMap":{"0":{"name":"(empty-report)","decl":{"start":{"line":1,"column":855},"end":{"line":41,"column":8}},"loc":{"start":{"line":1,"column":855},"end":{"line":41,"column":8}},"line":1}},"f":{"0":0}}
}
